Symbol range map extraction starting
Processing 11 files
startProcessing "com\bored\vinum\Vinum.java" md5: f65aea27eaaddade154a3a00d54189a4
Cache Hit!
endProcessing "com\bored\vinum\Vinum.java"

startProcessing "com\bored\vinum\block\BlockBase.java" md5: cce9e11e9a3fa3747ca4333b6f008cfc
Cache Hit!
endProcessing "com\bored\vinum\block\BlockBase.java"

startProcessing "com\bored\vinum\block\BlockOre.java" md5: 0fe2771a34f891f77b80f24ed84959b4
Cache Hit!
endProcessing "com\bored\vinum\block\BlockOre.java"

startProcessing "com\bored\vinum\block\BlockStone.java" md5: 540a62e2f28369c21f7f32054278b3be
Cache Hit!
endProcessing "com\bored\vinum\block\BlockStone.java"

startProcessing "com\bored\vinum\block\BlockWood.java" md5: f27a247abcde3e4f6861884218127524
Cache Hit!
endProcessing "com\bored\vinum\block\BlockWood.java"

startProcessing "com\bored\vinum\block\ModBlocks.java" md5: c5945e46daf0b2e9681e320cf7c8ca75
Cache Hit!
endProcessing "com\bored\vinum\block\ModBlocks.java"

startProcessing "com\bored\vinum\item\ItemBase.java" md5: bbe995b892d8d336a1fa9fff95b2c744
Cache Hit!
endProcessing "com\bored\vinum\item\ItemBase.java"

startProcessing "com\bored\vinum\item\ModItems.java" md5: 967f62ea0c8b589ed653e3de2bb9f56f
Cache Hit!
endProcessing "com\bored\vinum\item\ModItems.java"

startProcessing "com\bored\vinum\proxy\ClientProxy.java" md5: 86e6e2588d4e05c59d5052306d7c4cd8
Cache Hit!
endProcessing "com\bored\vinum\proxy\ClientProxy.java"

startProcessing "com\bored\vinum\proxy\CommonProxy.java" md5: 6ec295fde59d29fdc6943ab2a8084464
Cache Hit!
endProcessing "com\bored\vinum\proxy\CommonProxy.java"

startProcessing "com\bored\vinum\ui\VinumTab.java" md5: b9bf36e299b2ba14744a218a9cd492f0
Cache Hit!
endProcessing "com\bored\vinum\ui\VinumTab.java"

